2025-07-27T17:02:30 update: added Endless Space 2/A Heretic’s Choice.mp3
2025-07-27T17:02:30 update: added Endless Space 2/Across the Drift (Riftborn Theme).mp3
2025-07-27T17:02:30 update: added Endless Space 2/Axial Tilt Zero.mp3
2025-07-27T17:02:30 update: added Endless Space 2/Bleu Argon (ES2 Remix).mp3
2025-07-27T17:02:30 update: added Endless Space 2/Calabi-Yau Spaces.mp3
2025-07-27T17:02:30 update: added Endless Space 2/Digital Minds.mp3
2025-07-27T17:02:30 update: added Endless Space 2/Geodesic.mp3
2025-07-27T17:02:30 update: added Endless Space 2/Terraforming (ES2 Remix).mp3
2025-07-27T17:02:30 update: added Endless Space 2/Worship the Endless.mp3
2025-07-27T17:02:30 update: added Endless Space 2/Worship the Endless (feat. Gary Lawrence Soubrier).mp3
2025-07-27T17:02:30 update: added Endless Space 2/Winds of the Red Blade (Hissho Theme).mp3
2025-07-27T17:02:30 update: added Endless Space 2/Vodyani Prologue.mp3
2025-07-27T17:02:30 update: added Endless Space 2/Unstable Molecule.mp3
2025-07-27T17:02:30 update: added Endless Space 2/United Empire Prologue.mp3
2025-07-27T17:02:30 update: added Endless Space 2/Unfallen Prologue.mp3
2025-07-27T17:02:30 update: added Endless Space 2/Together to the Stars (United Empire Theme).mp3
2025-07-27T17:02:30 update: added Endless Space 2/To Rise, Virtual (Vodyani Theme).mp3
2025-07-27T17:02:30 update: added Endless Space 2/Time of Change (Vaulters Theme).mp3
2025-07-27T17:02:30 update: added Endless Space 2/Three Quarks in a Row.mp3
2025-07-27T17:02:30 update: added Endless Space 2/The We (Horatio Theme).mp3
2025-07-27T17:02:30 update: added Endless Space 2/The Lost Frontier.mp3
2025-07-27T17:02:30 update: added Endless Space 2/The Last Empire (Nakalim Theme).mp3
2025-07-27T17:02:30 update: added Endless Space 2/The Families (Lumeris Theme).mp3
2025-07-27T17:02:30 update: added Endless Space 2/The Endless (ES2 Remix).mp3
2025-07-27T17:02:30 update: added Endless Space 2/The Edge of the Sky.mp3
2025-07-27T17:02:30 update: added Endless Space 2/The Dust (ES2 Remix).mp3
2025-07-27T17:02:30 update: added Endless Space 2/The BattleScene II.mp3
2025-07-27T17:02:30 update: added Endless Space 2/Surface Formations (Ground Battle Theme).mp3
2025-07-27T17:02:30 update: added Endless Space 2/The BattleScene I.mp3
2025-07-27T17:02:30 update: added Endless Space 2/Sophons Prologue.mp3
2025-07-27T17:02:30 update: added Endless Space 2/Slice and Collide (ES2 Remix).mp3
2025-07-27T17:02:30 update: added Endless Space 2/Singularity.mp3
2025-07-27T17:02:30 update: added Endless Space 2/Riftborn Prologue.mp3
2025-07-27T17:02:30 update: added Endless Space 2/Reach The Amoeba (ES2 Remix).mp3
2025-07-27T17:02:30 update: added Endless Space 2/Quantum Dub (Sophons Theme).mp3
2025-07-27T17:02:30 update: added Endless Space 2/Memories of the Lost (Main Title).mp3
2025-07-27T17:02:30 update: added Endless Space 2/Magenta Clouds (ES2 Remix).mp3
2025-07-27T17:02:30 update: added Endless Space 2/Lumeris Prologue.mp3
2025-07-27T17:02:30 update: added Endless Space 2/Lost Cities.mp3
2025-07-27T17:02:30 update: added Endless Space 2/Light Curve.mp3
2025-07-27T17:02:30 update: added Endless Space 2/Let the Voices be Heard (Elections Theme).mp3
2025-07-27T17:02:30 update: added Endless Space 2/Immaterial Breath (Umbral Choir Theme).mp3
2025-07-27T17:02:30 update: added Endless Space 2/From the Heart (Unfallen Theme).mp3
2025-07-27T17:02:30 update: added Endless Space 2/Horatio Prologue.mp3
2025-07-27T17:02:30 update: added Endless Space 2/Forgotten Moon.mp3
2025-07-27T17:02:30 update: added Endless Space 2/Flawless Theory (Endless Space 2 Version).mp3
2025-07-27T17:02:30 update: added Endless Space 2/Flat Geometry.mp3
2025-07-27T17:02:30 update: added Endless Space 2/Falling Night Stars (ES2 Remix).mp3
2025-07-27T17:02:30 update: added Endless Space 2/Dyson Sphere.mp3
2025-07-27T17:02:30 update: added Endless Space 2/Deafen Dawn (ES2 Remix).mp3
2025-07-27T17:02:30 update: added Endless Space 2/Driven by DNA (Cravers Theme).mp3
2025-07-27T17:02:30 update: added Endless Space 2/Cygnus.mp3
2025-07-27T17:02:30 update: added Endless Space 2/Boltzmann Brains.mp3
2025-07-27T17:02:30 update: added Endless Space 2/Cravers Prologue.mp3
2025-07-27T17:02:30 update: added 01 — Family Fireside Fables — Audio/01 — CoM - Family Fireside Fables — Home (by Anne Bronte).mp3
2025-07-27T17:02:30 update: added 01 — Family Fireside Fables — Audio/02 — CoM - Family Fireside Fables — Brother and Sister (by Grimm Brothers).mp3
2025-07-27T17:02:30 update: added 01 — Family Fireside Fables — Audio/03 — CoM - Family Fireside Fables — Lucy (by George Pope Morris).mp3
2025-07-27T17:02:30 update: added 01 — Family Fireside Fables — Audio/04 — CoM - Family Fireside Fables — The Turnip (by the Grimm Bothers).mp3
2025-07-27T17:02:30 update: added 01 — Family Fireside Fables — Audio/05 — CoM - Family Fireside Fables — The Raven (by Edgar Allan Poe).mp3
2025-07-27T17:02:30 update: added 01 — Family Fireside Fables — Audio/06 — CoM - Family Fireside Fables — Mother (by Madison Julius Cawein).mp3
2025-07-27T17:02:30 update: added GameChops - Stardew and chill/Coffee Date, Dj Cutman, GameChops - Stardrop Saloon.mp3
2025-07-27T17:02:30 update: added GameChops - Stardew and chill/Coffee Date, Dj Cutman, GameChops - Wild Horseradish Jam.mp3
2025-07-27T17:02:30 update: added GameChops - Stardew and chill/Coffee Date, Dj Cutman, GameChops - The Wind Can Be Still.mp3
2025-07-27T17:02:30 update: added GameChops - Stardew and chill/Coffee Date, Dj Cutman, GameChops - The Sun Can Bend an Orange Sky.mp3
2025-07-27T17:02:30 update: added GameChops - Stardew and chill/Coffee Date, Dj Cutman, GameChops - Stardew Valley Overture.mp3
2025-07-27T17:02:30 update: added GameChops - Stardew and chill/Coffee Date, Dj Cutman, GameChops - The Smell of Mushroom.mp3
2025-07-27T17:02:30 update: added GameChops - Stardew and chill/Coffee Date, Dj Cutman, GameChops - Raven's Descent.mp3
2025-07-27T17:02:30 update: added GameChops - Stardew and chill/Coffee Date, Dj Cutman, GameChops - Pelican Town.mp3
2025-07-27T17:02:30 update: added GameChops - Stardew and chill/Coffee Date, Dj Cutman, GameChops - Nocturne of Ice.mp3
2025-07-27T17:02:30 update: added GameChops - Stardew and chill/Coffee Date, Dj Cutman, GameChops - Mines (Cloth).mp3
2025-07-27T17:02:30 update: added GameChops - Stardew and chill/Coffee Date, Dj Cutman, GameChops - Load Game (Stardew Valley).mp3
2025-07-27T17:02:30 update: added GameChops - Stardew and chill/Coffee Date, Dj Cutman, GameChops - In the Deep Woods.mp3
2025-07-27T17:02:30 update: added GameChops - Stardew and chill/Coffee Date, Dj Cutman, GameChops - Dance of the Moonlight Jellies.mp3
2025-07-27T17:02:30 update: added GameChops - Stardew and chill/Coffee Date, Dj Cutman, GameChops - Calico Desert.mp3
2025-07-27T17:02:30 update: added GameChops - Stardew and chill/Coffee Date, Dj Cutman, GameChops - A Stillness In The Rain.mp3
2025-07-27T17:02:30 update: added Hania Rani - Music for Film and Theatre/12 - Nora.flac
2025-07-27T17:02:30 update: added Hania Rani - Music for Film and Theatre/11 - Soleil Pale.flac
2025-07-27T17:02:30 update: added Hania Rani - Music for Film and Theatre/10 - Ghosts.flac
2025-07-27T17:02:30 update: added Hania Rani - Music for Film and Theatre/09 - Wildfires.flac
2025-07-27T17:02:30 update: added Hania Rani - Music for Film and Theatre/08 - Waiting.flac
2025-07-27T17:02:30 update: added Hania Rani - Music for Film and Theatre/07 - At the Hospital.flac
2025-07-27T17:02:30 update: added Hania Rani - Music for Film and Theatre/06 - The Locker Room.flac
2025-07-27T17:02:30 update: added Hania Rani - Music for Film and Theatre/05 - The Beach.flac
2025-07-27T17:02:30 update: added Hania Rani - Music for Film and Theatre/04 - Trip to Ireland.flac
2025-07-27T17:02:30 update: added Hania Rani - Music for Film and Theatre/03 - Journey.flac
2025-07-27T17:02:30 update: added Hania Rani - Music for Film and Theatre/02 - In Between.flac
2025-07-27T17:02:30 update: added Hania Rani - Music for Film and Theatre/01 - Prayer.flac
2025-07-27T17:02:30 update: added Max Richter - The New Four Seasons - Vivaldi Recomposed/13. Winter 3.flac
2025-07-27T17:02:30 update: added Max Richter - The New Four Seasons - Vivaldi Recomposed/12. Winter 2.flac
2025-07-27T17:02:30 update: added Max Richter - The New Four Seasons - Vivaldi Recomposed/11. Winter 1.flac
2025-07-27T17:02:30 update: added Max Richter - The New Four Seasons - Vivaldi Recomposed/10. Autumn 3.flac
2025-07-27T17:02:30 update: added Max Richter - The New Four Seasons - Vivaldi Recomposed/09. Autumn 2.flac
2025-07-27T17:02:30 update: added Max Richter - The New Four Seasons - Vivaldi Recomposed/08. Autumn 1.flac
2025-07-27T17:02:30 update: added Max Richter - The New Four Seasons - Vivaldi Recomposed/07. Summer 3.flac
2025-07-27T17:02:30 update: added Max Richter - The New Four Seasons - Vivaldi Recomposed/06. Summer 2.flac
2025-07-27T17:02:30 update: added Max Richter - The New Four Seasons - Vivaldi Recomposed/05. Summer 1.flac
2025-07-27T17:02:30 update: added Max Richter - The New Four Seasons - Vivaldi Recomposed/04. Spring 3.flac
2025-07-27T17:02:31 update: added Max Richter - The New Four Seasons - Vivaldi Recomposed/03. Spring 2.flac
2025-07-27T17:02:31 update: added Max Richter - The New Four Seasons - Vivaldi Recomposed/02. Spring 1.flac
2025-07-27T17:02:31 update: added Max Richter - The New Four Seasons - Vivaldi Recomposed/01. Spring 0.flac
2025-07-27T17:02:31 update: added citizen_sleeper_soundtrack_mp3/14 Prismatic Lens.mp3
2025-07-27T17:02:31 update: added citizen_sleeper_soundtrack_mp3/23 Possible Futures.mp3
2025-07-27T17:02:31 update: added citizen_sleeper_soundtrack_mp3/22 A Window to the Sun.mp3
2025-07-27T17:02:31 update: added citizen_sleeper_soundtrack_mp3/21 Among Ruins.mp3
2025-07-27T17:02:31 update: added citizen_sleeper_soundtrack_mp3/20 Relink.mp3
2025-07-27T17:02:31 update: added citizen_sleeper_soundtrack_mp3/19 Sleeper Variant.mp3
2025-07-27T17:02:31 update: added citizen_sleeper_soundtrack_mp3/18 The Machinist.mp3
2025-07-27T17:02:31 update: added citizen_sleeper_soundtrack_mp3/17 From Black.mp3
2025-07-27T17:02:31 update: added citizen_sleeper_soundtrack_mp3/16 Transluce.mp3
2025-07-27T17:02:32 update: added citizen_sleeper_soundtrack_mp3/13 Synthetic Warmth.mp3
2025-07-27T17:02:32 update: added citizen_sleeper_soundtrack_mp3/15 Optic Nerve.mp3
2025-07-27T17:02:32 update: added citizen_sleeper_soundtrack_mp3/12 Cycles.mp3
2025-07-27T17:02:32 update: added citizen_sleeper_soundtrack_mp3/11 Shipwatching.mp3
2025-07-27T17:02:32 update: added citizen_sleeper_soundtrack_mp3/10 Ember_s Wake.mp3
2025-07-27T17:02:32 update: added citizen_sleeper_soundtrack_mp3/09 Yesterday_s Sky.mp3
2025-07-27T17:02:32 update: added citizen_sleeper_soundtrack_mp3/08 Coalesce.mp3
2025-07-27T17:02:33 update: added citizen_sleeper_soundtrack_mp3/07 Photosynthetic Skin.mp3
2025-07-27T17:02:33 update: added citizen_sleeper_soundtrack_mp3/06 The Facsimile.mp3
2025-07-27T17:02:33 update: added citizen_sleeper_soundtrack_mp3/05 Sleeper.mp3
2025-07-27T17:02:33 update: added citizen_sleeper_soundtrack_mp3/04 Matsutake.mp3
2025-07-27T17:02:33 update: added citizen_sleeper_soundtrack_mp3/03 Yatagan.mp3
2025-07-27T17:02:33 update: added citizen_sleeper_soundtrack_mp3/02 Signal Haze.mp3
2025-07-27T17:02:33 update: added citizen_sleeper_soundtrack_mp3/01 Density.mp3
2025-07-27T17:02:33 update: added andrew-prahlow/outer-wilds-echoes-of-the-eye-the-lost-reels-deluxe-original-game-soundtrack/29 - older-than-the-universe.mp3
2025-07-27T17:02:33 update: added andrew-prahlow/outer-wilds-echoes-of-the-eye-the-lost-reels-deluxe-original-game-soundtrack/28 - hearths-shadow.mp3
2025-07-27T17:02:33 update: added andrew-prahlow/outer-wilds-echoes-of-the-eye-the-lost-reels-deluxe-original-game-soundtrack/27 - the-spirit-of-water.mp3
2025-07-27T17:02:33 update: added andrew-prahlow/outer-wilds-echoes-of-the-eye-the-lost-reels-deluxe-original-game-soundtrack/26 - rivers-end-times.mp3
2025-07-27T17:02:33 update: added andrew-prahlow/outer-wilds-echoes-of-the-eye-the-lost-reels-deluxe-original-game-soundtrack/25 - lost-signal.mp3
2025-07-27T17:02:33 update: added andrew-prahlow/outer-wilds-echoes-of-the-eye-the-lost-reels-deluxe-original-game-soundtrack/24 - last-dream-of-home.mp3
2025-07-27T17:02:33 update: added andrew-prahlow/outer-wilds-echoes-of-the-eye-the-lost-reels-deluxe-original-game-soundtrack/23 - postlude.mp3
2025-07-27T17:02:33 update: added andrew-prahlow/outer-wilds-echoes-of-the-eye-the-lost-reels-deluxe-original-game-soundtrack/22 - end-of-the-wilds.mp3
2025-07-27T17:02:33 update: added andrew-prahlow/outer-wilds-echoes-of-the-eye-the-lost-reels-deluxe-original-game-soundtrack/21 - travelers-encore.mp3
2025-07-27T17:02:33 update: added andrew-prahlow/outer-wilds-echoes-of-the-eye-the-lost-reels-deluxe-original-game-soundtrack/20 - departure.mp3
2025-07-27T17:02:33 update: added andrew-prahlow/outer-wilds-echoes-of-the-eye-the-lost-reels-deluxe-original-game-soundtrack/19 - echoes-of-the-eye.mp3
2025-07-27T17:02:33 update: added andrew-prahlow/outer-wilds-echoes-of-the-eye-the-lost-reels-deluxe-original-game-soundtrack/18 - the-sound-of-water.mp3
2025-07-27T17:02:34 update: added andrew-prahlow/outer-wilds-echoes-of-the-eye-the-lost-reels-deluxe-original-game-soundtrack/17 - secret-ways.mp3
2025-07-27T17:02:34 update: added andrew-prahlow/outer-wilds-echoes-of-the-eye-the-lost-reels-deluxe-original-game-soundtrack/16 - into-the-vault.mp3
2025-07-27T17:02:34 update: added andrew-prahlow/outer-wilds-echoes-of-the-eye-the-lost-reels-deluxe-original-game-soundtrack/15 - dark-passage.mp3
2025-07-27T17:02:34 update: added andrew-prahlow/outer-wilds-echoes-of-the-eye-the-lost-reels-deluxe-original-game-soundtrack/14 - the-lost-waltz.mp3
2025-07-27T17:02:34 update: added andrew-prahlow/outer-wilds-echoes-of-the-eye-the-lost-reels-deluxe-original-game-soundtrack/13 - fear-and-ashes.mp3
2025-07-27T17:02:34 update: added andrew-prahlow/outer-wilds-echoes-of-the-eye-the-lost-reels-deluxe-original-game-soundtrack/12 - sealed-away.mp3
2025-07-27T17:02:34 update: added andrew-prahlow/outer-wilds-echoes-of-the-eye-the-lost-reels-deluxe-original-game-soundtrack/11 - test-chamber-three.mp3
2025-07-27T17:02:34 update: added andrew-prahlow/outer-wilds-echoes-of-the-eye-the-lost-reels-deluxe-original-game-soundtrack/10 - the-forbidden-archives.mp3
2025-07-27T17:02:34 update: added andrew-prahlow/outer-wilds-echoes-of-the-eye-the-lost-reels-deluxe-original-game-soundtrack/09 - elegy-for-the-rings.mp3
2025-07-27T17:02:34 update: added andrew-prahlow/outer-wilds-echoes-of-the-eye-the-lost-reels-deluxe-original-game-soundtrack/08 - eternal-halls.mp3
2025-07-27T17:02:34 update: added andrew-prahlow/outer-wilds-echoes-of-the-eye-the-lost-reels-deluxe-original-game-soundtrack/07 - a-dream-of-home.mp3
2025-07-27T17:02:34 update: added andrew-prahlow/outer-wilds-echoes-of-the-eye-the-lost-reels-deluxe-original-game-soundtrack/06 - strange-flames.mp3
2025-07-27T17:02:34 update: added andrew-prahlow/outer-wilds-echoes-of-the-eye-the-lost-reels-deluxe-original-game-soundtrack/05 - the-premonition.mp3
2025-07-27T17:02:34 update: added andrew-prahlow/outer-wilds-echoes-of-the-eye-the-lost-reels-deluxe-original-game-soundtrack/04 - the-first-seekers.mp3
2025-07-27T17:02:34 update: added andrew-prahlow/outer-wilds-echoes-of-the-eye-the-lost-reels-deluxe-original-game-soundtrack/03 - rivers-end.mp3
2025-07-27T17:02:34 update: added andrew-prahlow/outer-wilds-echoes-of-the-eye-the-lost-reels-deluxe-original-game-soundtrack/02 - the-river.mp3
2025-07-27T17:02:34 update: added andrew-prahlow/outer-wilds-echoes-of-the-eye-the-lost-reels-deluxe-original-game-soundtrack/01 - into-shadow.mp3
2025-07-27T17:02:34 update: added andrew-prahlow/outer-wilds-soundtrack/Andrew Prahlow - We Have Liftoff.mp3
2025-07-27T17:02:34 update: added andrew-prahlow/outer-wilds-soundtrack/Andrew Prahlow - Travelers.mp3
2025-07-27T17:02:34 update: added andrew-prahlow/outer-wilds-soundtrack/Andrew Prahlow - Timber Hearth.mp3
2025-07-27T17:02:34 update: added andrew-prahlow/outer-wilds-soundtrack/Andrew Prahlow - The Uncertainty Principle.mp3
2025-07-27T17:02:34 update: added andrew-prahlow/outer-wilds-soundtrack/Andrew Prahlow - The Sun Station.mp3
2025-07-27T17:02:34 update: added andrew-prahlow/outer-wilds-soundtrack/Andrew Prahlow - The Search.mp3
2025-07-27T17:02:34 update: added andrew-prahlow/outer-wilds-soundtrack/Andrew Prahlow - The Nomai.mp3
2025-07-27T17:02:34 update: added andrew-prahlow/outer-wilds-soundtrack/Andrew Prahlow - The Museum.mp3
2025-07-27T17:02:34 update: added andrew-prahlow/outer-wilds-soundtrack/Andrew Prahlow - The Ash Twin Project.mp3
2025-07-27T17:02:34 update: added andrew-prahlow/outer-wilds-soundtrack/Andrew Prahlow - The Ancient Glade.mp3
2025-07-27T17:02:34 update: added andrew-prahlow/outer-wilds-soundtrack/Andrew Prahlow - Space.mp3
2025-07-27T17:02:34 update: added andrew-prahlow/outer-wilds-soundtrack/Andrew Prahlow - Outer Wilds.mp3
2025-07-27T17:02:34 update: added andrew-prahlow/outer-wilds-soundtrack/Andrew Prahlow - Nomai Ruins.mp3
2025-07-27T17:02:34 update: added andrew-prahlow/outer-wilds-soundtrack/Andrew Prahlow - Morning.mp3
2025-07-27T17:02:34 update: added andrew-prahlow/outer-wilds-soundtrack/Andrew Prahlow - Main Title.mp3
2025-07-27T17:02:34 update: added andrew-prahlow/outer-wilds-soundtrack/Andrew Prahlow - Let There Be Light.mp3
2025-07-27T17:02:34 update: added andrew-prahlow/outer-wilds-soundtrack/Andrew Prahlow - Into the Wilds.mp3
2025-07-27T17:02:34 update: added andrew-prahlow/outer-wilds-soundtrack/Andrew Prahlow - Giant's Deep.mp3
2025-07-27T17:02:34 update: added andrew-prahlow/outer-wilds-soundtrack/Andrew Prahlow - Final Voyage.mp3
2025-07-27T17:02:34 update: added andrew-prahlow/outer-wilds-soundtrack/Andrew Prahlow - End Times.mp3
2025-07-27T17:02:34 update: added andrew-prahlow/outer-wilds-soundtrack/Andrew Prahlow - Dark Bramble.mp3
2025-07-27T17:02:34 update: added andrew-prahlow/outer-wilds-soundtrack/Andrew Prahlow - Curiosity.mp3
2025-07-27T17:02:34 update: added andrew-prahlow/outer-wilds-soundtrack/Andrew Prahlow - Castaways.mp3
2025-07-27T17:02:34 update: added andrew-prahlow/outer-wilds-soundtrack/Andrew Prahlow - Campfire Song.mp3
2025-07-27T17:02:34 update: added andrew-prahlow/outer-wilds-soundtrack/Andrew Prahlow - Arrow of Time.mp3
2025-07-27T17:02:34 update: added andrew-prahlow/outer-wilds-soundtrack/Andrew Prahlow - A Terrible Fate.mp3
2025-07-27T17:02:34 update: added andrew-prahlow/outer-wilds-soundtrack/Andrew Prahlow - 22 Minutes.mp3
2025-07-27T17:02:34 update: added andrew-prahlow/outer-wilds-soundtrack/Andrew Prahlow - 14.3 Billion Years.mp3
2025-07-27T17:02:34 update: added Kiltro/Kiltro - Ursula.mp3
2025-07-27T17:02:34 update: added Kiltro/Kiltro - The Hustle.mp3
2025-07-27T17:02:34 update: added Kiltro/Kiltro - The Drunk.mp3
2025-07-27T17:02:34 update: added Kiltro/Kiltro - Ofelia.mp3
2025-07-27T17:02:34 update: added Kiltro/Kiltro - Mi Capitán.mp3
2025-07-27T17:02:34 update: added Kiltro/Kiltro - Lovers.mp3
2025-07-27T17:02:34 update: added Kiltro/Kiltro - Julia.mp3
2025-07-27T17:02:34 update: added Kiltro/Kiltro - If I Lead.mp3
2025-07-27T17:02:34 update: added Kiltro/Kiltro - Curicó.mp3
2025-07-27T17:02:34 update: added Kiltro/Kiltro - Cuchito.mp3
2025-07-27T17:02:34 update: added Kiltro/Kiltro - Corner Beat (Hair of the Dog).mp3
2025-07-27T17:02:34 update: added Hammock - Departure Songs/Hammock - Tornado Warning.mp3
2025-07-27T17:02:34 update: added Hammock - Departure Songs/Hammock - (Leaving) The House Where We Grew Up.mp3
2025-07-27T17:02:34 update: added Hammock - Departure Songs/Hammock - Glossolalia.mp3
2025-07-27T17:02:34 update: added Hammock - Departure Songs/Hammock - Mute Angels.mp3
2025-07-27T17:02:34 update: added Hammock - Departure Songs/Hammock - We Could Die Chasing This Feeling.mp3
2025-07-27T17:02:34 update: added Hammock - Departure Songs/Hammock - Hiding But Nobody Missed You.mp3
2025-07-27T17:02:34 update: added Hammock - Departure Songs/Hammock - All Is Dream and Everything Is Real.mp3
2025-07-27T17:02:34 update: added Hammock - Departure Songs/Hammock - Dark Circles.mp3
2025-07-27T17:02:34 update: added Hammock - Departure Songs/Hammock - (Let's Kiss) While All the Stars Are Falling Down.mp3
2025-07-27T17:02:34 update: added Hammock - Departure Songs/Hammock - Frailty (For the Dearly Departed).mp3
2025-07-27T17:02:34 update: added Hammock - Departure Songs/Hammock - Tape Recorder.mp3
2025-07-27T17:02:34 update: added Hammock - Departure Songs/Hammock - Awakened, He Heard Only Silence.mp3
2025-07-27T17:02:34 update: added Hammock - Departure Songs/Hammock - Words You Said... I'll Never Forget You Now.mp3
2025-07-27T17:02:34 update: added Hammock - Departure Songs/Hammock - Pathos.mp3
2025-07-27T17:02:34 update: added Hammock - Departure Songs/Hammock - (Tonight) We Burn Like Stars That Never Die.mp3
2025-07-27T17:02:34 update: added Hammock - Departure Songs/Hammock - Together Alone.mp3
2025-07-27T17:02:34 update: added Hammock - Departure Songs/Hammock - Cold Front.mp3
2025-07-27T17:02:34 update: added Hammock - Departure Songs/Hammock - Artificial Paradises (feat. Helios).mp3
2025-07-27T17:02:34 update: added Hammock - Departure Songs/Hammock - Ten Thousand Years Won't Save Your Life.mp3
2025-07-27T17:05:03 client: [127.0.0.1:48986] malformed command "GET / HTTP/1.1"
2025-07-27T17:05:15 client: [127.0.0.1:46884] malformed command "GET / HTTP/1.1"
2025-07-27T17:05:15 client: [127.0.0.1:46888] malformed command "GET /favicon.ico HTTP/1.1"
2025-08-01T20:50:43 exception: Bad song index
2025-08-01T21:18:55 exception: No such directory
2025-08-01T21:19:03 exception: Access to local files via TCP is not allowed
2025-08-01T21:22:51 player: played "Kiltro/Kiltro - If I Lead.mp3"
2025-08-01T21:24:52 player: played "01 — Family Fireside Fables — Audio/01 — CoM - Family Fireside Fables — Home (by Anne Bronte).mp3"
2025-08-01T21:27:19 player: played "01 — Family Fireside Fables — Audio/01 — CoM - Family Fireside Fables — Home (by Anne Bronte).mp3"
2025-08-01T21:32:46 player: played "Kiltro/Kiltro - If I Lead.mp3"
2025-08-01T21:36:50 player: played "01 — Family Fireside Fables — Audio/01 — CoM - Family Fireside Fables — Home (by Anne Bronte).mp3"
2025-08-01T21:38:17 player: played "01 — Family Fireside Fables — Audio/02 — CoM - Family Fireside Fables — Brother and Sister (by Grimm Brothers).mp3"
2025-08-01T21:40:32 player: played "andrew-prahlow/outer-wilds-echoes-of-the-eye-the-lost-reels-deluxe-original-game-soundtrack/01 - into-shadow.mp3"
2025-08-01T21:43:15 player: played "andrew-prahlow/outer-wilds-echoes-of-the-eye-the-lost-reels-deluxe-original-game-soundtrack/02 - the-river.mp3"
2025-08-01T21:45:13 player: played "andrew-prahlow/outer-wilds-soundtrack/Andrew Prahlow - Timber Hearth.mp3"
2025-08-01T21:48:03 player: played "andrew-prahlow/outer-wilds-echoes-of-the-eye-the-lost-reels-deluxe-original-game-soundtrack/02 - the-river.mp3"
2025-08-01T21:49:18 player: played "andrew-prahlow/outer-wilds-echoes-of-the-eye-the-lost-reels-deluxe-original-game-soundtrack/03 - rivers-end.mp3"
2025-08-01T21:51:44 player: played "andrew-prahlow/outer-wilds-echoes-of-the-eye-the-lost-reels-deluxe-original-game-soundtrack/03 - rivers-end.mp3"
2025-08-01T21:53:19 player: played "andrew-prahlow/outer-wilds-echoes-of-the-eye-the-lost-reels-deluxe-original-game-soundtrack/04 - the-first-seekers.mp3"
2025-08-01T21:53:37 player: played "andrew-prahlow/outer-wilds-echoes-of-the-eye-the-lost-reels-deluxe-original-game-soundtrack/05 - the-premonition.mp3"
2025-08-01T21:58:31 player: played "GameChops - Stardew and chill/Coffee Date, Dj Cutman, GameChops - Stardew Valley Overture.mp3"
2025-08-01T22:01:47 player: played "GameChops - Stardew and chill/Coffee Date, Dj Cutman, GameChops - Stardew Valley Overture.mp3"
2025-08-01T22:04:15 player: played "GameChops - Stardew and chill/Coffee Date, Dj Cutman, GameChops - Load Game (Stardew Valley).mp3"
2025-08-01T22:06:43 player: played "GameChops - Stardew and chill/Coffee Date, Dj Cutman, GameChops - Pelican Town.mp3"
2025-08-02T00:22:30 player: played "01 — Family Fireside Fables — Audio/01 — CoM - Family Fireside Fables — Home (by Anne Bronte).mp3"
2025-08-02T01:22:19 player: played "01 — Family Fireside Fables — Audio/02 — CoM - Family Fireside Fables — Brother and Sister (by Grimm Brothers).mp3"
2025-08-02T16:33:01 player: played "GameChops - Stardew and chill/Coffee Date, Dj Cutman, GameChops - Stardew Valley Overture.mp3"
2025-08-02T16:35:29 player: played "GameChops - Stardew and chill/Coffee Date, Dj Cutman, GameChops - Load Game (Stardew Valley).mp3"
2025-08-02T16:37:57 player: played "GameChops - Stardew and chill/Coffee Date, Dj Cutman, GameChops - Pelican Town.mp3"
2025-08-02T16:41:00 player: played "GameChops - Stardew and chill/Coffee Date, Dj Cutman, GameChops - Wild Horseradish Jam.mp3"
2025-08-02T16:43:08 player: played "GameChops - Stardew and chill/Coffee Date, Dj Cutman, GameChops - The Sun Can Bend an Orange Sky.mp3"
2025-08-02T16:45:30 player: played "GameChops - Stardew and chill/Coffee Date, Dj Cutman, GameChops - Calico Desert.mp3"
