Looking for git in: git
Using git 2.31.0 from git
Opening repository for path='/home/gaz/.i3' failed; ex=spawn git ENOENT {
  "gitErrorCode": "NotAGitRepository"
}Error: spawn git ENOENT
	at Process.ChildProcess._handle.onexit (internal/child_process.js:267:19)
	at onErrorNT (internal/child_process.js:469:16)
	at processTicksAndRejections (internal/process/task_queues.js:84:21)
Opening repository for path='/home/gaz/.config/fish' failed; ex=Failed to execute git {
  "exitCode": 128,
  "gitErrorCode": "NotAGitRepository",
  "gitCommand": "rev-parse",
  "stdout": "",
  "stderr": "fatal: not a git repository (or any of the parent directories): .git\n"
}
Opening repository for path='/home/gaz/.config/kitty' failed; ex=Failed to execute git {
  "exitCode": 128,
  "gitErrorCode": "NotAGitRepository",
  "gitCommand": "rev-parse",
  "stdout": "",
  "stderr": "fatal: not a git repository (or any of the parent directories): .git\n"
}
Opening repository for path='/home/gaz/.config/polybar' failed; ex=Failed to execute git {
  "exitCode": 128,
  "gitErrorCode": "NotAGitRepository",
  "gitCommand": "rev-parse",
  "stdout": "",
  "stderr": "fatal: not a git repository (or any of the parent directories): .git\n"
}
Opening repository for path='/home/gaz/.config/rofi' failed; ex=Failed to execute git {
  "exitCode": 128,
  "gitErrorCode": "NotAGitRepository",
  "gitCommand": "rev-parse",
  "stdout": "",
  "stderr": "fatal: not a git repository (or any of the parent directories): .git\n"
}
Opening repository for path='/home/gaz/.config/fish/conf.d' failed; ex=Failed to execute git {
  "exitCode": 128,
  "gitErrorCode": "NotAGitRepository",
  "gitCommand": "rev-parse",
  "stdout": "",
  "stderr": "fatal: not a git repository (or any of the parent directories): .git\n"
}
Opening repository for path='/home/gaz/.config/fish/config.fish' failed; ex=Error: spawn ENOTDIR
Opening repository for path='/home/gaz/.config/fish/fish_variables' failed; ex=Error: spawn ENOTDIR
Opening repository for path='/home/gaz/.config/kitty/kitty.conf' failed; ex=Error: spawn ENOTDIR
Opening repository for path='/home/gaz/.config/kitty/scroll_mark.py' failed; ex=Error: spawn ENOTDIR
Opening repository for path='/home/gaz/.config/kitty/search.py' failed; ex=Error: spawn ENOTDIR
Opening repository for path='/home/gaz/.config/polybar/config' failed; ex=Error: spawn ENOTDIR
Opening repository for path='/home/gaz/.config/rofi/applets' failed; ex=Failed to execute git {
  "exitCode": 128,
  "gitErrorCode": "NotAGitRepository",
  "gitCommand": "rev-parse",
  "stdout": "",
  "stderr": "fatal: not a git repository (or any of the parent directories): .git\n"
}
Opening repository for path='/home/gaz/.config/rofi/bin' failed; ex=Failed to execute git {
  "exitCode": 128,
  "gitErrorCode": "NotAGitRepository",
  "gitCommand": "rev-parse",
  "stdout": "",
  "stderr": "fatal: not a git repository (or any of the parent directories): .git\n"
}
Opening repository for path='/home/gaz/.config/rofi/config copy.rasi' failed; ex=Error: spawn ENOTDIR
Opening repository for path='/home/gaz/.config/rofi/launchers' failed; ex=Failed to execute git {
  "exitCode": 128,
  "gitErrorCode": "NotAGitRepository",
  "gitCommand": "rev-parse",
  "stdout": "",
  "stderr": "fatal: not a git repository (or any of the parent directories): .git\n"
}
Opening repository for path='/home/gaz/.config/rofi/lime.rasi' failed; ex=Error: spawn ENOTDIR
Opening repository for path='/home/gaz/.config/rofi/lime2.rasi' failed; ex=Error: spawn ENOTDIR
Opening repository for path='/home/gaz/.config/rofi/powermenu' failed; ex=Failed to execute git {
  "exitCode": 128,
  "gitErrorCode": "NotAGitRepository",
  "gitCommand": "rev-parse",
  "stdout": "",
  "stderr": "fatal: not a git repository (or any of the parent directories): .git\n"
}
