[2021-03-31 22:52:26.866] [exthost] [info] extension host started
[2021-03-31 22:52:27.186] [exthost] [info] ExtensionService#_doActivateExtension aaron-bond.better-comments {"startup":false,"extensionId":{"value":"aaron-bond.better-comments","_lower":"aaron-bond.better-comments"},"activationEvent":"onLanguage:plaintext"}
[2021-03-31 22:52:27.186] [exthost] [info] ExtensionService#loadCommonJSModule file:///home/gaz/.vscode-oss/extensions/aaron-bond.better-comments-2.1.0/out/extension
[2021-03-31 22:52:27.191] [exthost] [info] ExtensionService#_doActivateExtension vscode.configuration-editing {"startup":false,"extensionId":{"value":"vscode.configuration-editing","_lower":"vscode.configuration-editing"},"activationEvent":"onLanguage:jsonc"}
[2021-03-31 22:52:27.191] [exthost] [info] ExtensionService#loadCommonJSModule file:///usr/share/vscodium-bin/resources/app/extensions/configuration-editing/dist/configurationEditingMain
[2021-03-31 22:52:27.574] [exthost] [info] ExtensionService#_doActivateExtension vscode.json-language-features {"startup":false,"extensionId":{"value":"vscode.json-language-features","_lower":"vscode.json-language-features"},"activationEvent":"onLanguage:jsonc"}
[2021-03-31 22:52:27.575] [exthost] [info] ExtensionService#loadCommonJSModule file:///usr/share/vscodium-bin/resources/app/extensions/json-language-features/client/dist/node/jsonClientMain
[2021-03-31 22:52:28.056] [exthost] [info] ExtensionService#_doActivateExtension vscode.typescript-language-features {"startup":false,"extensionId":{"value":"vscode.typescript-language-features","_lower":"vscode.typescript-language-features"},"activationEvent":"onLanguage:jsonc"}
[2021-03-31 22:52:28.056] [exthost] [info] ExtensionService#loadCommonJSModule file:///usr/share/vscodium-bin/resources/app/extensions/typescript-language-features/dist/extension
[2021-03-31 22:52:28.391] [exthost] [info] ExtensionService#_doActivateExtension vscode.debug-auto-launch {"startup":true,"extensionId":{"value":"vscode.debug-auto-launch","_lower":"vscode.debug-auto-launch"},"activationEvent":"*"}
[2021-03-31 22:52:28.391] [exthost] [info] ExtensionService#loadCommonJSModule file:///usr/share/vscodium-bin/resources/app/extensions/debug-auto-launch/dist/extension
[2021-03-31 22:52:28.398] [exthost] [info] ExtensionService#_doActivateExtension vscode.git {"startup":true,"extensionId":{"value":"vscode.github","_lower":"vscode.github"},"activationEvent":"*"}
[2021-03-31 22:52:28.398] [exthost] [info] ExtensionService#loadCommonJSModule file:///usr/share/vscodium-bin/resources/app/extensions/git/dist/main
[2021-03-31 22:52:28.450] [exthost] [info] ExtensionService#_doActivateExtension PKief.material-icon-theme {"startup":true,"extensionId":{"value":"PKief.material-icon-theme","_lower":"pkief.material-icon-theme"},"activationEvent":"*"}
[2021-03-31 22:52:28.451] [exthost] [info] ExtensionService#loadCommonJSModule file:///home/gaz/.vscode-oss/extensions/pkief.material-icon-theme-4.6.0/dist/extension
[2021-03-31 22:52:28.651] [exthost] [info] ExtensionService#_doActivateExtension vscode.github {"startup":true,"extensionId":{"value":"vscode.github","_lower":"vscode.github"},"activationEvent":"*"}
[2021-03-31 22:52:28.652] [exthost] [info] ExtensionService#loadCommonJSModule file:///usr/share/vscodium-bin/resources/app/extensions/github/dist/extension.js
[2021-03-31 22:52:28.703] [exthost] [info] ExtensionService#_doActivateExtension ms-vscode.js-debug {"startup":false,"extensionId":{"value":"ms-vscode.js-debug","_lower":"ms-vscode.js-debug"},"activationEvent":"onCommand:extension.js-debug.clearAutoAttachVariables"}
[2021-03-31 22:52:28.703] [exthost] [info] ExtensionService#loadCommonJSModule file:///usr/share/vscodium-bin/resources/app/extensions/ms-vscode.js-debug/src/extension.js
[2021-03-31 22:52:29.277] [exthost] [info] ExtensionService#_doActivateExtension Dart-Code.dart-code {"startup":true,"extensionId":{"value":"Dart-Code.dart-code","_lower":"dart-code.dart-code"},"activationEvent":"workspaceContains:**/pubspec.yaml,**/*.dart"}
[2021-03-31 22:52:29.277] [exthost] [info] ExtensionService#loadCommonJSModule file:///home/gaz/.vscode-oss/extensions/dart-code.dart-code-3.21.0/out/dist/extension
[2021-03-31 22:52:30.626] [exthost] [info] eager extensions activated
[2021-03-31 22:52:30.791] [exthost] [info] ExtensionService#_doActivateExtension Dart-Code.flutter {"startup":false,"extensionId":{"value":"Dart-Code.dart-code","_lower":"dart-code.dart-code"},"activationEvent":"api"}
[2021-03-31 22:52:30.792] [exthost] [info] ExtensionService#loadCommonJSModule file:///home/gaz/.vscode-oss/extensions/dart-code.flutter-3.21.0/out/src/extension
[2021-03-31 22:52:31.239] [exthost] [info] ExtensionService#_doActivateExtension vscode.emmet {"startup":false,"extensionId":{"value":"vscode.emmet","_lower":"vscode.emmet"},"activationEvent":"onStartupFinished"}
[2021-03-31 22:52:31.239] [exthost] [info] ExtensionService#loadCommonJSModule file:///usr/share/vscodium-bin/resources/app/extensions/emmet/dist/node/emmetNodeMain
[2021-03-31 22:52:31.252] [exthost] [info] ExtensionService#_doActivateExtension vscode.merge-conflict {"startup":false,"extensionId":{"value":"vscode.merge-conflict","_lower":"vscode.merge-conflict"},"activationEvent":"onStartupFinished"}
[2021-03-31 22:52:31.252] [exthost] [info] ExtensionService#loadCommonJSModule file:///usr/share/vscodium-bin/resources/app/extensions/merge-conflict/dist/mergeConflictMain
[2021-03-31 22:52:31.258] [exthost] [info] ExtensionService#_doActivateExtension vscode.testing-editor-contributions {"startup":false,"extensionId":{"value":"vscode.testing-editor-contributions","_lower":"vscode.testing-editor-contributions"},"activationEvent":"onStartupFinished"}
[2021-03-31 22:52:31.258] [exthost] [info] ExtensionService#loadCommonJSModule file:///usr/share/vscodium-bin/resources/app/extensions/testing-editor-contributions/dist/extension.js
[2021-03-31 22:59:27.050] [exthost] [info] ExtensionService#_doActivateExtension bmalehorn.vscode-fish {"startup":false,"extensionId":{"value":"bmalehorn.vscode-fish","_lower":"bmalehorn.vscode-fish"},"activationEvent":"onLanguage:fish"}
[2021-03-31 22:59:27.101] [exthost] [info] ExtensionService#loadCommonJSModule file:///home/gaz/.vscode-oss/extensions/bmalehorn.vscode-fish-1.0.20/out/extension
[2021-03-31 23:19:03.136] [exthost] [info] extension host terminating: received terminate message from renderer
[2021-03-31 23:19:04.302] [exthost] [info] exiting with code 0
