Looking for git in: git
Using git 2.31.0 from git
Opening repository for path='/home/gaz/dev/proyek-sk' failed; ex=Failed to execute git {
  "exitCode": 128,
  "gitErrorCode": "NotAGitRepository",
  "gitCommand": "rev-parse",
  "stdout": "",
  "stderr": "fatal: not a git repository (or any of the parent directories): .git\n"
}
Opening repository for path='/home/gaz/dev/proyek-sk' failed; ex=Failed to execute git {
  "exitCode": 128,
  "gitErrorCode": "NotAGitRepository",
  "gitCommand": "rev-parse",
  "stdout": "",
  "stderr": "fatal: not a git repository (or any of the parent directories): .git\n"
}
Opening repository for path='/home/gaz/dev/proyek-sk/.ipynb_checkpoints' failed; ex=Failed to execute git {
  "exitCode": 128,
  "gitErrorCode": "NotAGitRepository",
  "gitCommand": "rev-parse",
  "stdout": "",
  "stderr": "fatal: not a git repository (or any of the parent directories): .git\n"
}
Opening repository for path='/home/gaz/dev/proyek-sk/.vscode' failed; ex=Failed to execute git {
  "exitCode": 128,
  "gitErrorCode": "NotAGitRepository",
  "gitCommand": "rev-parse",
  "stdout": "",
  "stderr": "fatal: not a git repository (or any of the parent directories): .git\n"
}
Opening repository for path='/home/gaz/dev/proyek-sk/Pipfile' failed; ex=Error: spawn ENOTDIR
Opening repository for path='/home/gaz/dev/proyek-sk/Pipfile.lock' failed; ex=Error: spawn ENOTDIR
Opening repository for path='/home/gaz/dev/proyek-sk/googlenews.py' failed; ex=Error: spawn ENOTDIR
Opening repository for path='/home/gaz/dev/proyek-sk/requirements.txt' failed; ex=Error: spawn ENOTDIR
Opening repository for path='/home/gaz/dev/proyek-sk/stopwords-id.txt' failed; ex=Error: spawn ENOTDIR
Opening repository for path='/home/gaz/dev/proyek-sk/tester.py' failed; ex=Error: spawn ENOTDIR
Opening repository for path='/home/gaz/dev/proyek-sk/translated_tweets.csv' failed; ex=Error: spawn ENOTDIR
Opening repository for path='/home/gaz/dev/proyek-sk/trumpets.csv' failed; ex=Error: spawn ENOTDIR
Opening repository for path='/home/gaz/dev/proyek-sk/twitter.py' failed; ex=Error: spawn ENOTDIR
Opening repository for path='/home/gaz/dev/proyek-sk/twitterump.csv' failed; ex=Error: spawn ENOTDIR
Opening repository for path='/home/gaz/dev/proyek-sk/twittranslate.py' failed; ex=Error: spawn ENOTDIR
Opening repository for path='/home/gaz/dev/proyek-sk' failed; ex=Failed to execute git {
  "exitCode": 128,
  "gitErrorCode": "NotAGitRepository",
  "gitCommand": "rev-parse",
  "stdout": "",
  "stderr": "fatal: not a git repository (or any of the parent directories): .git\n"
}
Opening repository for path='/home/gaz/dev/proyek-sk' failed; ex=Failed to execute git {
  "exitCode": 128,
  "gitErrorCode": "NotAGitRepository",
  "gitCommand": "rev-parse",
  "stdout": "",
  "stderr": "fatal: not a git repository (or any of the parent directories): .git\n"
}
Opening repository for path='/home/gaz/dev/proyek-sk' failed; ex=Failed to execute git {
  "exitCode": 128,
  "gitErrorCode": "NotAGitRepository",
  "gitCommand": "rev-parse",
  "stdout": "",
  "stderr": "fatal: not a git repository (or any of the parent directories): .git\n"
}
Opening repository for path='/home/gaz/dev/proyek-sk' failed; ex=Failed to execute git {
  "exitCode": 128,
  "gitErrorCode": "NotAGitRepository",
  "gitCommand": "rev-parse",
  "stdout": "",
  "stderr": "fatal: not a git repository (or any of the parent directories): .git\n"
}
Opening repository for path='/home/gaz/dev/proyek-sk' failed; ex=Failed to execute git {
  "exitCode": 128,
  "gitErrorCode": "NotAGitRepository",
  "gitCommand": "rev-parse",
  "stdout": "",
  "stderr": "fatal: not a git repository (or any of the parent directories): .git\n"
}
Opening repository for path='/home/gaz/dev/proyek-sk' failed; ex=Failed to execute git {
  "exitCode": 128,
  "gitErrorCode": "NotAGitRepository",
  "gitCommand": "rev-parse",
  "stdout": "",
  "stderr": "fatal: not a git repository (or any of the parent directories): .git\n"
}
Opening repository for path='/home/gaz/dev/proyek-sk' failed; ex=Failed to execute git {
  "exitCode": 128,
  "gitErrorCode": "NotAGitRepository",
  "gitCommand": "rev-parse",
  "stdout": "",
  "stderr": "fatal: not a git repository (or any of the parent directories): .git\n"
}
Opening repository for path='/home/gaz/dev/proyek-sk' failed; ex=Failed to execute git {
  "exitCode": 128,
  "gitErrorCode": "NotAGitRepository",
  "gitCommand": "rev-parse",
  "stdout": "",
  "stderr": "fatal: not a git repository (or any of the parent directories): .git\n"
}
Opening repository for path='/home/gaz/dev/proyek-sk' failed; ex=Failed to execute git {
  "exitCode": 128,
  "gitErrorCode": "NotAGitRepository",
  "gitCommand": "rev-parse",
  "stdout": "",
  "stderr": "fatal: not a git repository (or any of the parent directories): .git\n"
}
Opening repository for path='/home/gaz/dev/proyek-sk' failed; ex=Failed to execute git {
  "exitCode": 128,
  "gitErrorCode": "NotAGitRepository",
  "gitCommand": "rev-parse",
  "stdout": "",
  "stderr": "fatal: not a git repository (or any of the parent directories): .git\n"
}
Opening repository for path='/home/gaz/dev/proyek-sk' failed; ex=Failed to execute git {
  "exitCode": 128,
  "gitErrorCode": "NotAGitRepository",
  "gitCommand": "rev-parse",
  "stdout": "",
  "stderr": "fatal: not a git repository (or any of the parent directories): .git\n"
}
